TeamCode/TeamCode/build/outputs/logs/manifest-merger-debug-report.txt
-- Merging decision tree log ---
manifest
ADDED from src/main/AndroidManifest.xml:8:1-11:12
INJECTED from src/main/AndroidManifest.xml:8:1-11:12
INJECTED from src/main/AndroidManifest.xml:8:1-11:12
INJECTED from src/main/AndroidManifest.xml:8:1-11:12
MERGED from [:FtcRobotController] AndroidManifest.xml:2:1-80:12
MERGED from [org.firstinspires.ftc:OnBotJava:10.2.0] AndroidManifest.xml:34:1-41:12
MERGED from [org.firstinspires.ftc:Blocks:10.2.0] AndroidManifest.xml:2:1-24:12
MERGED from [com.acmerobotics.roadrunner:ftc:0.1.21] AndroidManifest.xml:3:1-10:12
MERGED from [com.acmerobotics.dashboard:dashboard:0.4.16] AndroidManifest.xml:2:1-9:12
MERGED from [org.firstinspires.ftc:FtcCommon:10.2.0] AndroidManifest.xml:3:1-178:12
MERGED from [org.firstinspires.ftc:Inspection:10.2.0] AndroidManifest.xml:2:1-30:12
MERGED from [org.firstinspires.ftc:Tfod:9.2.0] AndroidManifest.xml:2:1-11:12
MERGED from [org.firstinspires.ftc:RobotServer:10.2.0] AndroidManifest.xml:2:1-9:12
MERGED from [org.firstinspires.ftc:Hardware:10.2.0] AndroidManifest.xml:2:1-9:12
MERGED from [org.firstinspires.ftc:Vision:10.2.0] AndroidManifest.xml:2:1-7:12
MERGED from [org.firstinspires.ftc:RobotCore:10.2.0] AndroidManifest.xml:2:1-129:12
MERGED from [org.firstinspires.ftc:gameAssets-CenterStage:1.0.0] AndroidManifest.xml:2:1-9:12
MERGED from [org.tensorflow:tensorflow-lite-task-vision:0.4.3] AndroidManifest.xml:2:1-9:12
MERGED from [androidx.appcompat:appcompat-resources:1.7.0] AndroidManifest.xml:2:1-7:12
MERGED from [androidx.appcompat:appcompat:1.7.0] AndroidManifest.xml:2:1-7:12
MERGED from [org.ftclib.ftclib:core:2.0.1] AndroidManifest.xml:2:1-11:12
MERGED from [org.tensorflow:tensorflow-lite:2.12.0] AndroidManifest.xml:2:1-11:12
MERGED from [com.journeyapps:zxing-android-embedded:4.3.0] AndroidManifest.xml:17:1-56:12
MERGED from [com.jakewharton.threetenabp:threetenabp:1.3.1] AndroidManifest.xml:2:1-9:12
MERGED from [androidx.fragment:fragment:1.5.4] AndroidManifest.xml:17:1-24:12
MERGED from [androidx.activity:activity:1.7.0] AndroidManifest.xml:17:1-22:12
MERGED from [androidx.savedstate:savedstate:1.2.1] AndroidManifest.xml:17:1-22:12
MERGED from [androidx.emoji2:emoji2-views-helper:1.3.0] AndroidManifest.xml:2:1-7:12
MERGED from [androidx.emoji2:emoji2:1.3.0] AndroidManifest.xml:17:1-35:12
MERGED from [androidx.loader:loader:1.0.0] AndroidManifest.xml:17:1-22:12
MERGED from [androidx.lifecycle:lifecycle-livedata:2.6.2] AndroidManifest.xml:17:1-22:12
MERGED from [androidx.lifecycle:lifecycle-viewmodel:2.6.2] AndroidManifest.xml:17:1-22:12
MERGED from [androidx.lifecycle:lifecycle-process:2.6.2] AndroidManifest.xml:17:1-35:12
MERGED from [androidx.lifecycle:lifecycle-livedata-core:2.6.2] AndroidManifest.xml:17:1-22:12
MERGED from [androidx.lifecycle:lifecycle-runtime:2.6.2] AndroidManifest.xml:2:1-7:12
MERGED from [androidx.lifecycle:lifecycle-viewmodel-savedstate:2.6.2] AndroidManifest.xml:17:1-22:12
MERGED from [androidx.core:core-ktx:1.13.0] AndroidManifest.xml:2:1-7:12
MERGED from [androidx.drawerlayout:drawerlayout:1.0.0] AndroidManifest.xml:17:1-22:12
MERGED from [androidx.vectordrawable:vectordrawable-animated:1.1.0] AndroidManifest.xml:17:1-24:12
MERGED from [androidx.vectordrawable:vectordrawable:1.1.0] AndroidManifest.xml:17:1-24:12
MERGED from [androidx.viewpager:viewpager:1.0.0] AndroidManifest.xml:17:1-22:12
MERGED from [androidx.customview:customview:1.0.0] AndroidManifest.xml:17:1-22:12
MERGED from [androidx.core:core:1.13.0] AndroidManifest.xml:17:1-30:12
MERGED from [androidx.cursoradapter:cursoradapter:1.0.0] AndroidManifest.xml:17:1-22:12
MERGED from [androidx.profileinstaller:profileinstaller:1.3.1] AndroidManifest.xml:17:1-55:12
MERGED from [androidx.startup:startup-runtime:1.1.1] AndroidManifest.xml:17:1-33:12
MERGED from [androidx.tracing:tracing:1.0.0] AndroidManifest.xml:17:1-24:12
MERGED from [androidx.interpolator:interpolator:1.0.0] AndroidManifest.xml:17:1-22:12
MERGED from [androidx.versionedparcelable:versionedparcelable:1.1.1] AndroidManifest.xml:17:1-27:12
MERGED from [androidx.arch.core:core-runtime:2.2.0] AndroidManifest.xml:17:1-22:12
MERGED from [org.openftc:easyopencv:1.7.3] AndroidManifest.xml:2:1-9:12
MERGED from [org.openftc:apriltag:2.1.0] AndroidManifest.xml:2:1-9:12
MERGED from [org.tensorflow:tensorflow-lite-task-base:0.4.3] AndroidManifest.xml:2:1-6:12
MERGED from [org.tensorflow:tensorflow-lite-support-api:0.4.3] AndroidManifest.xml:2:1-5:12
MERGED from [androidx.annotation:annotation-experimental:1.4.0] AndroidManifest.xml:2:1-7:12
MERGED from [org.tensorflow:tensorflow-lite-api:2.12.0] AndroidManifest.xml:2:1-11:12
MERGED from [org.openftc:opencv-repackaged-bundled-dylibs:4.10.0-A] AndroidManifest.xml:2:1-9:12
MERGED from [com.google.android.odml:image:1.0.0-beta1] AndroidManifest.xml:2:1-9:12
INJECTED from src/main/AndroidManifest.xml:8:1-11:12
INJECTED from src/main/AndroidManifest.xml:8:1-11:12
INJECTED from src/main/AndroidManifest.xml:8:1-11:12
	package
		INJECTED from src/main/AndroidManifest.xml
		ADDED from src/main/AndroidManifest.xml:8:1-11:12
		INJECTED from src/main/AndroidManifest.xml
	android:versionName
		INJECTED from src/main/AndroidManifest.xml
		ADDED from src/main/AndroidManifest.xml:8:1-11:12
		INJECTED from src/main/AndroidManifest.xml
	android:versionCode
		INJECTED from src/main/AndroidManifest.xml
		ADDED from src/main/AndroidManifest.xml:8:1-11:12
		INJECTED from src/main/AndroidManifest.xml
	xmlns:android
		ADDED from src/main/AndroidManifest.xml:9:5-63
application
ADDED from src/main/AndroidManifest.xml:10:5-19
MERGED from [:FtcRobotController] AndroidManifest.xml:14:5-78:19
MERGED from [:FtcRobotController] AndroidManifest.xml:14:5-78:19
MERGED from [org.firstinspires.ftc:Blocks:10.2.0] AndroidManifest.xml:16:5-22:19
MERGED from [org.firstinspires.ftc:Blocks:10.2.0] AndroidManifest.xml:16:5-22:19
MERGED from [com.acmerobotics.roadrunner:ftc:0.1.21] AndroidManifest.xml:8:5-20
MERGED from [com.acmerobotics.roadrunner:ftc:0.1.21] AndroidManifest.xml:8:5-20
MERGED from [org.firstinspires.ftc:FtcCommon:10.2.0] AndroidManifest.xml:21:5-176:19
MERGED from [org.firstinspires.ftc:FtcCommon:10.2.0] AndroidManifest.xml:21:5-176:19
MERGED from [org.firstinspires.ftc:Inspection:10.2.0] AndroidManifest.xml:17:5-28:19
MERGED from [org.firstinspires.ftc:Inspection:10.2.0] AndroidManifest.xml:17:5-28:19
MERGED from [org.firstinspires.ftc:RobotCore:10.2.0] AndroidManifest.xml:85:5-127:19
MERGED from [org.firstinspires.ftc:RobotCore:10.2.0] AndroidManifest.xml:85:5-127:19
MERGED from [org.tensorflow:tensorflow-lite:2.12.0] AndroidManifest.xml:9:5-20
MERGED from [org.tensorflow:tensorflow-lite:2.12.0] AndroidManifest.xml:9:5-20
MERGED from [com.journeyapps:zxing-android-embedded:4.3.0] AndroidManifest.xml:46:5-54:19
MERGED from [com.journeyapps:zxing-android-embedded:4.3.0] AndroidManifest.xml:46:5-54:19
MERGED from [com.jakewharton.threetenabp:threetenabp:1.3.1] AndroidManifest.xml:7:5-20
MERGED from [com.jakewharton.threetenabp:threetenabp:1.3.1] AndroidManifest.xml:7:5-20
MERGED from [androidx.emoji2:emoji2:1.3.0] AndroidManifest.xml:23:5-33:19
MERGED from [androidx.emoji2:emoji2:1.3.0] AndroidManifest.xml:23:5-33:19
MERGED from [androidx.lifecycle:lifecycle-process:2.6.2] AndroidManifest.xml:23:5-33:19
MERGED from [androidx.lifecycle:lifecycle-process:2.6.2] AndroidManifest.xml:23:5-33:19
MERGED from [androidx.core:core:1.13.0] AndroidManifest.xml:28:5-89
MERGED from [androidx.core:core:1.13.0] AndroidManifest.xml:28:5-89
MERGED from [androidx.profileinstaller:profileinstaller:1.3.1] AndroidManifest.xml:23:5-53:19
MERGED from [androidx.profileinstaller:profileinstaller:1.3.1] AndroidManifest.xml:23:5-53:19
MERGED from [androidx.startup:startup-runtime:1.1.1] AndroidManifest.xml:25:5-31:19
MERGED from [androidx.startup:startup-runtime:1.1.1] AndroidManifest.xml:25:5-31:19
MERGED from [androidx.versionedparcelable:versionedparcelable:1.1.1] AndroidManifest.xml:24:5-25:19
MERGED from [androidx.versionedparcelable:versionedparcelable:1.1.1] AndroidManifest.xml:24:5-25:19
MERGED from [org.tensorflow:tensorflow-lite-task-base:0.4.3] AndroidManifest.xml:4:4-5:18
MERGED from [org.tensorflow:tensorflow-lite-task-base:0.4.3] AndroidManifest.xml:4:4-5:18
MERGED from [org.tensorflow:tensorflow-lite-api:2.12.0] AndroidManifest.xml:9:5-20
MERGED from [org.tensorflow:tensorflow-lite-api:2.12.0] AndroidManifest.xml:9:5-20
MERGED from [com.google.android.odml:image:1.0.0-beta1] AndroidManifest.xml:7:5-20
MERGED from [com.google.android.odml:image:1.0.0-beta1] AndroidManifest.xml:7:5-20
	android:appComponentFactory
		ADDED from [androidx.core:core:1.13.0] AndroidManifest.xml:28:18-86
	android:label
		ADDED from [:FtcRobotController] AndroidManifest.xml:17:9-41
	android:largeHeap
		ADDED from [:FtcRobotController] AndroidManifest.xml:18:9-33
	android:icon
		ADDED from [:FtcRobotController] AndroidManifest.xml:16:9-45
	android:allowBackup
		ADDED from [:FtcRobotController] AndroidManifest.xml:15:9-35
	android:theme
		ADDED from [:FtcRobotController] AndroidManifest.xml:19:9-45
	android:name
		ADDED from [org.firstinspires.ftc:RobotCore:10.2.0] AndroidManifest.xml:85:18-97
	android:usesCleartextTraffic
		ADDED from [:FtcRobotController] AndroidManifest.xml:20:9-44
uses-sdk
INJECTED from src/main/AndroidManifest.xml reason: use-sdk injection requested
INJECTED from src/main/AndroidManifest.xml
INJECTED from src/main/AndroidManifest.xml
MERGED from [:FtcRobotController] AndroidManifest.xml:8:5-10:41
MERGED from [:FtcRobotController] AndroidManifest.xml:8:5-10:41
MERGED from [org.firstinspires.ftc:OnBotJava:10.2.0] AndroidManifest.xml:39:5-44
MERGED from [org.firstinspires.ftc:OnBotJava:10.2.0] AndroidManifest.xml:39:5-44
MERGED from [org.firstinspires.ftc:Blocks:10.2.0] AndroidManifest.xml:7:5-44
MERGED from [org.firstinspires.ftc:Blocks:10.2.0] AndroidManifest.xml:7:5-44
MERGED from [com.acmerobotics.roadrunner:ftc:0.1.21] AndroidManifest.xml:6:5-44
MERGED from [com.acmerobotics.roadrunner:ftc:0.1.21] AndroidManifest.xml:6:5-44
MERGED from [com.acmerobotics.dashboard:dashboard:0.4.16] AndroidManifest.xml:5:5-7:41
MERGED from [com.acmerobotics.dashboard:dashboard:0.4.16] AndroidManifest.xml:5:5-7:41
MERGED from [org.firstinspires.ftc:FtcCommon:10.2.0] AndroidManifest.xml:8:5-44
MERGED from [org.firstinspires.ftc:FtcCommon:10.2.0] AndroidManifest.xml:8:5-44
MERGED from [org.firstinspires.ftc:Inspection:10.2.0] AndroidManifest.xml:7:5-44
MERGED from [org.firstinspires.ftc:Inspection:10.2.0] AndroidManifest.xml:7:5-44
MERGED from [org.firstinspires.ftc:Tfod:9.2.0] AndroidManifest.xml:7:5-9:41
MERGED from [org.firstinspires.ftc:Tfod:9.2.0] AndroidManifest.xml:7:5-9:41
MERGED from [org.firstinspires.ftc:RobotServer:10.2.0] AndroidManifest.xml:7:5-44
MERGED from [org.firstinspires.ftc:RobotServer:10.2.0] AndroidManifest.xml:7:5-44
MERGED from [org.firstinspires.ftc:Hardware:10.2.0] AndroidManifest.xml:7:5-44
MERGED from [org.firstinspires.ftc:Hardware:10.2.0] AndroidManifest.xml:7:5-44
MERGED from [org.firstinspires.ftc:Vision:10.2.0] AndroidManifest.xml:5:5-44
MERGED from [org.firstinspires.ftc:Vision:10.2.0] AndroidManifest.xml:5:5-44
MERGED from [org.firstinspires.ftc:RobotCore:10.2.0] AndroidManifest.xml:7:5-44
MERGED from [org.firstinspires.ftc:RobotCore:10.2.0] AndroidManifest.xml:7:5-44
MERGED from [org.firstinspires.ftc:gameAssets-CenterStage:1.0.0] AndroidManifest.xml:5:5-7:41
MERGED from [org.firstinspires.ftc:gameAssets-CenterStage:1.0.0] AndroidManifest.xml:5:5-7:41
MERGED from [org.tensorflow:tensorflow-lite-task-vision:0.4.3] AndroidManifest.xml:5:5-7:41
MERGED from [org.tensorflow:tensorflow-lite-task-vision:0.4.3] AndroidManifest.xml:5:5-7:41
MERGED from [androidx.appcompat:appcompat-resources:1.7.0] AndroidManifest.xml:5:5-44
MERGED from [androidx.appcompat:appcompat-resources:1.7.0] AndroidManifest.xml:5:5-44
MERGED from [androidx.appcompat:appcompat:1.7.0] AndroidManifest.xml:5:5-44
MERGED from [androidx.appcompat:appcompat:1.7.0] AndroidManifest.xml:5:5-44
MERGED from [org.ftclib.ftclib:core:2.0.1] AndroidManifest.xml:7:5-9:41
MERGED from [org.ftclib.ftclib:core:2.0.1] AndroidManifest.xml:7:5-9:41
MERGED from [org.tensorflow:tensorflow-lite:2.12.0] AndroidManifest.xml:6:5-7:38
MERGED from [org.tensorflow:tensorflow-lite:2.12.0] AndroidManifest.xml:6:5-7:38
MERGED from [com.journeyapps:zxing-android-embedded:4.3.0] AndroidManifest.xml:20:5-44
MERGED from [com.journeyapps:zxing-android-embedded:4.3.0] AndroidManifest.xml:20:5-44
MERGED from [com.jakewharton.threetenabp:threetenabp:1.3.1] AndroidManifest.xml:5:5-44
MERGED from [com.jakewharton.threetenabp:threetenabp:1.3.1] AndroidManifest.xml:5:5-44
MERGED from [androidx.fragment:fragment:1.5.4] AndroidManifest.xml:20:5-22:41
MERGED from [androidx.fragment:fragment:1.5.4] AndroidManifest.xml:20:5-22:41
MERGED from [androidx.activity:activity:1.7.0] AndroidManifest.xml:20:5-44
MERGED from [androidx.activity:activity:1.7.0] AndroidManifest.xml:20:5-44
MERGED from [androidx.savedstate:savedstate:1.2.1] AndroidManifest.xml:20:5-44
MERGED from [androidx.savedstate:savedstate:1.2.1] AndroidManifest.xml:20:5-44
MERGED from [androidx.emoji2:emoji2-views-helper:1.3.0] AndroidManifest.xml:5:5-44
MERGED from [androidx.emoji2:emoji2-views-helper:1.3.0] AndroidManifest.xml:5:5-44
MERGED from [androidx.emoji2:emoji2:1.3.0] AndroidManifest.xml:21:5-44
MERGED from [androidx.emoji2:emoji2:1.3.0] AndroidManifest.xml:21:5-44
MERGED from [androidx.loader:loader:1.0.0] AndroidManifest.xml:20:5-44
MERGED from [androidx.loader:loader:1.0.0] AndroidManifest.xml:20:5-44
MERGED from [androidx.lifecycle:lifecycle-livedata:2.6.2] AndroidManifest.xml:20:5-44
MERGED from [androidx.lifecycle:lifecycle-livedata:2.6.2] AndroidManifest.xml:20:5-44
MERGED from [androidx.lifecycle:lifecycle-viewmodel:2.6.2] AndroidManifest.xml:20:5-44
MERGED from [androidx.lifecycle:lifecycle-viewmodel:2.6.2] AndroidManifest.xml:20:5-44
MERGED from [androidx.lifecycle:lifecycle-process:2.6.2] AndroidManifest.xml:21:5-44
MERGED from [androidx.lifecycle:lifecycle-process:2.6.2] AndroidManifest.xml:21:5-44
MERGED from [androidx.lifecycle:lifecycle-livedata-core:2.6.2] AndroidManifest.xml:20:5-44
MERGED from [androidx.lifecycle:lifecycle-livedata-core:2.6.2] AndroidManifest.xml:20:5-44
MERGED from [androidx.lifecycle:lifecycle-runtime:2.6.2] AndroidManifest.xml:5:5-44
MERGED from [androidx.lifecycle:lifecycle-runtime:2.6.2] AndroidManifest.xml:5:5-44
MERGED from [androidx.lifecycle:lifecycle-viewmodel-savedstate:2.6.2] AndroidManifest.xml:20:5-44
MERGED from [androidx.lifecycle:lifecycle-viewmodel-savedstate:2.6.2] AndroidManifest.xml:20:5-44
MERGED from [androidx.core:core-ktx:1.13.0] AndroidManifest.xml:5:5-44
MERGED from [androidx.core:core-ktx:1.13.0] AndroidManifest.xml:5:5-44
MERGED from [androidx.drawerlayout:drawerlayout:1.0.0] AndroidManifest.xml:20:5-44
MERGED from [androidx.drawerlayout:drawerlayout:1.0.0] AndroidManifest.xml:20:5-44
MERGED from [androidx.vectordrawable:vectordrawable-animated:1.1.0] AndroidManifest.xml:20:5-22:41
MERGED from [androidx.vectordrawable:vectordrawable-animated:1.1.0] AndroidManifest.xml:20:5-22:41
MERGED from [androidx.vectordrawable:vectordrawable:1.1.0] AndroidManifest.xml:20:5-22:41
MERGED from [androidx.vectordrawable:vectordrawable:1.1.0] AndroidManifest.xml:20:5-22:41
MERGED from [androidx.viewpager:viewpager:1.0.0] AndroidManifest.xml:20:5-44
MERGED from [androidx.viewpager:viewpager:1.0.0] AndroidManifest.xml:20:5-44
MERGED from [androidx.customview:customview:1.0.0] AndroidManifest.xml:20:5-44
MERGED from [androidx.customview:customview:1.0.0] AndroidManifest.xml:20:5-44
MERGED from [androidx.core:core:1.13.0] AndroidManifest.xml:20:5-44
MERGED from [androidx.core:core:1.13.0] AndroidManifest.xml:20:5-44
MERGED from [androidx.cursoradapter:cursoradapter:1.0.0] AndroidManifest.xml:20:5-44
MERGED from [androidx.cursoradapter:cursoradapter:1.0.0] AndroidManifest.xml:20:5-44
MERGED from [androidx.profileinstaller:profileinstaller:1.3.1] AndroidManifest.xml:21:5-44
MERGED from [androidx.profileinstaller:profileinstaller:1.3.1] AndroidManifest.xml:21:5-44
MERGED from [androidx.startup:startup-runtime:1.1.1] AndroidManifest.xml:21:5-23:41
MERGED from [androidx.startup:startup-runtime:1.1.1] AndroidManifest.xml:21:5-23:41
MERGED from [androidx.tracing:tracing:1.0.0] AndroidManifest.xml:20:5-22:41
MERGED from [androidx.tracing:tracing:1.0.0] AndroidManifest.xml:20:5-22:41
MERGED from [androidx.interpolator:interpolator:1.0.0] AndroidManifest.xml:20:5-44
MERGED from [androidx.interpolator:interpolator:1.0.0] AndroidManifest.xml:20:5-44
MERGED from [androidx.versionedparcelable:versionedparcelable:1.1.1] AndroidManifest.xml:20:5-22:41
MERGED from [androidx.versionedparcelable:versionedparcelable:1.1.1] AndroidManifest.xml:20:5-22:41
MERGED from [androidx.arch.core:core-runtime:2.2.0] AndroidManifest.xml:20:5-44
MERGED from [androidx.arch.core:core-runtime:2.2.0] AndroidManifest.xml:20:5-44
MERGED from [org.openftc:easyopencv:1.7.3] AndroidManifest.xml:5:5-7:41
MERGED from [org.openftc:easyopencv:1.7.3] AndroidManifest.xml:5:5-7:41
MERGED from [org.openftc:apriltag:2.1.0] AndroidManifest.xml:5:5-7:41
MERGED from [org.openftc:apriltag:2.1.0] AndroidManifest.xml:5:5-7:41
MERGED from [org.tensorflow:tensorflow-lite-support-api:0.4.3] AndroidManifest.xml:4:3-71
MERGED from [org.tensorflow:tensorflow-lite-support-api:0.4.3] AndroidManifest.xml:4:3-71
MERGED from [androidx.annotation:annotation-experimental:1.4.0] AndroidManifest.xml:5:5-44
MERGED from [androidx.annotation:annotation-experimental:1.4.0] AndroidManifest.xml:5:5-44
MERGED from [org.tensorflow:tensorflow-lite-api:2.12.0] AndroidManifest.xml:6:5-7:38
MERGED from [org.tensorflow:tensorflow-lite-api:2.12.0] AndroidManifest.xml:6:5-7:38
MERGED from [org.openftc:opencv-repackaged-bundled-dylibs:4.10.0-A] AndroidManifest.xml:5:5-7:41
MERGED from [org.openftc:opencv-repackaged-bundled-dylibs:4.10.0-A] AndroidManifest.xml:5:5-7:41
MERGED from [com.google.android.odml:image:1.0.0-beta1] AndroidManifest.xml:5:5-44
MERGED from [com.google.android.odml:image:1.0.0-beta1] AndroidManifest.xml:5:5-44
INJECTED from src/main/AndroidManifest.xml
INJECTED from src/main/AndroidManifest.xml
	android:targetSdkVersion
		INJECTED from src/main/AndroidManifest.xml
		ADDED from src/main/AndroidManifest.xml
		INJECTED from src/main/AndroidManifest.xml
	android:minSdkVersion
		INJECTED from src/main/AndroidManifest.xml
		ADDED from src/main/AndroidManifest.xml
		INJECTED from src/main/AndroidManifest.xml
uses-permission#android.permission.RECEIVE_BOOT_COMPLETED
ADDED from [:FtcRobotController] AndroidManifest.xml:12:5-81
	android:name
		ADDED from [:FtcRobotController] AndroidManifest.xml:12:22-78
meta-data#org.firstinspires.latestSupportedControlHubVersion
ADDED from [:FtcRobotController] AndroidManifest.xml:23:9-25:33
	android:value
		ADDED from [:FtcRobotController] AndroidManifest.xml:25:13-30
	android:name
		ADDED from [:FtcRobotController] AndroidManifest.xml:24:13-78
activity#org.firstinspires.ftc.robotcontroller.internal.PermissionValidatorWrapper
ADDED from [:FtcRobotController] AndroidManifest.xml:28:9-39:20
	android:screenOrientation
		ADDED from [:FtcRobotController] AndroidManifest.xml:33:13-49
	android:label
		ADDED from [:FtcRobotController] AndroidManifest.xml:31:13-45
	android:launchMode
		ADDED from [:FtcRobotController] AndroidManifest.xml:32:13-44
	android:configChanges
		ADDED from [:FtcRobotController] AndroidManifest.xml:30:13-59
	android:name
		ADDED from [:FtcRobotController] AndroidManifest.xml:29:13-101
intent-filter#action:name:android.intent.action.MAIN+category:name:android.intent.category.LAUNCHER
ADDED from [:FtcRobotController] AndroidManifest.xml:34:13-38:29
category#android.intent.category.LAUNCHER
ADDED from [:FtcRobotController] AndroidManifest.xml:35:17-77
	android:name
		ADDED from [:FtcRobotController] AndroidManifest.xml:35:27-74
action#android.intent.action.MAIN
ADDED from [:FtcRobotController] AndroidManifest.xml:37:17-69
	android:name
		ADDED from [:FtcRobotController] AndroidManifest.xml:37:25-66
activity#org.firstinspires.ftc.robotcontroller.internal.FtcRobotControllerActivity
ADDED from [:FtcRobotController] AndroidManifest.xml:40:9-58:20
	android:screenOrientation
		ADDED from [:FtcRobotController] AndroidManifest.xml:45:13-49
	android:label
		ADDED from [:FtcRobotController] AndroidManifest.xml:43:13-45
	android:launchMode
		ADDED from [:FtcRobotController] AndroidManifest.xml:44:13-44
	android:configChanges
		ADDED from [:FtcRobotController] AndroidManifest.xml:42:13-59
	android:name
		ADDED from [:FtcRobotController] AndroidManifest.xml:41:13-101
intent-filter#action:name:android.hardware.usb.action.USB_DEVICE_ATTACHED
ADDED from [:FtcRobotController] AndroidManifest.xml:46:13-48:29
action#android.hardware.usb.action.USB_DEVICE_ATTACHED
ADDED from [:FtcRobotController] AndroidManifest.xml:47:17-90
	android:name
		ADDED from [:FtcRobotController] AndroidManifest.xml:47:25-87
meta-data#android.hardware.usb.action.USB_DEVICE_ATTACHED
ADDED from [:FtcRobotController] AndroidManifest.xml:50:13-52:57
	android:resource
		ADDED from [:FtcRobotController] AndroidManifest.xml:52:17-54
	android:name
		ADDED from [:FtcRobotController] AndroidManifest.xml:51:17-79
meta-data#org.firstinspires.main.entry
ADDED from [:FtcRobotController] AndroidManifest.xml:55:13-57:40
	android:value
		ADDED from [:FtcRobotController] AndroidManifest.xml:57:17-37
	android:name
		ADDED from [:FtcRobotController] AndroidManifest.xml:56:17-60
service#com.qualcomm.ftccommon.FtcRobotControllerService
ADDED from [:FtcRobotController] AndroidManifest.xml:61:9-63:38
	android:enabled
		ADDED from [:FtcRobotController] AndroidManifest.xml:63:13-35
	android:name
		ADDED from [:FtcRobotController] AndroidManifest.xml:62:13-76
receiver#org.firstinspires.ftc.ftccommon.internal.RunOnBoot
ADDED from [:FtcRobotController] AndroidManifest.xml:66:9-77:20
	android:enabled
		ADDED from [:FtcRobotController] AndroidManifest.xml:68:13-35
	android:exported
		ADDED from [:FtcRobotController] AndroidManifest.xml:69:13-36
	android:permission
		ADDED from [:FtcRobotController] AndroidManifest.xml:70:13-75
	android:name
		ADDED from [:FtcRobotController] AndroidManifest.xml:67:13-78
intent-filter#action:name:android.intent.action.BOOT_COMPLETED+action:name:android.intent.action.QUICKBOOT_POWERON+category:name:android.intent.category.DEFAULT
ADDED from [:FtcRobotController] AndroidManifest.xml:71:13-76:29
category#android.intent.category.DEFAULT
ADDED from [:FtcRobotController] AndroidManifest.xml:72:17-76
	android:name
		ADDED from [:FtcRobotController] AndroidManifest.xml:72:27-73
action#android.intent.action.BOOT_COMPLETED
ADDED from [:FtcRobotController] AndroidManifest.xml:74:17-79
	android:name
		ADDED from [:FtcRobotController] AndroidManifest.xml:74:25-76
action#android.intent.action.QUICKBOOT_POWERON
ADDED from [:FtcRobotController] AndroidManifest.xml:75:17-82
	android:name
		ADDED from [:FtcRobotController] AndroidManifest.xml:75:25-79
uses-permission#android.permission.WRITE_EXTERNAL_STORAGE
ADDED from [org.firstinspires.ftc:Blocks:10.2.0] AndroidManifest.xml:9:5-11:35
MERGED from [org.firstinspires.ftc:FtcCommon:10.2.0] AndroidManifest.xml:11:5-13:35
MERGED from [org.firstinspires.ftc:FtcCommon:10.2.0] AndroidManifest.xml:11:5-13:35
MERGED from [org.firstinspires.ftc:RobotCore:10.2.0] AndroidManifest.xml:26:5-28:35
MERGED from [org.firstinspires.ftc:RobotCore:10.2.0] AndroidManifest.xml:26:5-28:35
	android:required
		ADDED from [org.firstinspires.ftc:Blocks:10.2.0] AndroidManifest.xml:11:9-32
	android:name
		ADDED from [org.firstinspires.ftc:Blocks:10.2.0] AndroidManifest.xml:10:9-65
uses-permission#android.permission.READ_EXTERNAL_STORAGE
ADDED from [org.firstinspires.ftc:Blocks:10.2.0] AndroidManifest.xml:12:5-14:35
MERGED from [org.firstinspires.ftc:FtcCommon:10.2.0] AndroidManifest.xml:14:5-16:35
MERGED from [org.firstinspires.ftc:FtcCommon:10.2.0] AndroidManifest.xml:14:5-16:35
MERGED from [org.firstinspires.ftc:RobotCore:10.2.0] AndroidManifest.xml:30:5-32:35
MERGED from [org.firstinspires.ftc:RobotCore:10.2.0] AndroidManifest.xml:30:5-32:35
	android:required
		ADDED from [org.firstinspires.ftc:Blocks:10.2.0] AndroidManifest.xml:14:9-32
	android:name
		ADDED from [org.firstinspires.ftc:Blocks:10.2.0] AndroidManifest.xml:13:9-64
activity#org.firstinspires.ftc.ftccommon.internal.ProgramAndManageActivity
ADDED from [org.firstinspires.ftc:Blocks:10.2.0] AndroidManifest.xml:17:9-21:20
	android:label
		ADDED from [org.firstinspires.ftc:Blocks:10.2.0] AndroidManifest.xml:20:13-64
	android:configChanges
		ADDED from [org.firstinspires.ftc:Blocks:10.2.0] AndroidManifest.xml:19:13-59
	android:name
		ADDED from [org.firstinspires.ftc:Blocks:10.2.0] AndroidManifest.xml:18:13-93
uses-permission#android.permission.ACCESS_WIFI_STATE
ADDED from [org.firstinspires.ftc:FtcCommon:10.2.0] AndroidManifest.xml:10:5-76
MERGED from [org.firstinspires.ftc:Inspection:10.2.0] AndroidManifest.xml:9:5-76
MERGED from [org.firstinspires.ftc:Inspection:10.2.0] AndroidManifest.xml:9:5-76
MERGED from [org.firstinspires.ftc:RobotCore:10.2.0] AndroidManifest.xml:9:5-11:35
MERGED from [org.firstinspires.ftc:RobotCore:10.2.0] AndroidManifest.xml:9:5-11:35
	android:required
		ADDED from [org.firstinspires.ftc:RobotCore:10.2.0] AndroidManifest.xml:11:9-32
	android:name
		ADDED from [org.firstinspires.ftc:FtcCommon:10.2.0] AndroidManifest.xml:10:22-73
uses-permission#android.permission.WRITE_SETTINGS
ADDED from [org.firstinspires.ftc:FtcCommon:10.2.0] AndroidManifest.xml:17:5-19:35
MERGED from [org.firstinspires.ftc:RobotCore:10.2.0] AndroidManifest.xml:35:5-37:35
MERGED from [org.firstinspires.ftc:RobotCore:10.2.0] AndroidManifest.xml:35:5-37:35
	android:required
		ADDED from [org.firstinspires.ftc:FtcCommon:10.2.0] AndroidManifest.xml:19:9-32
	android:name
		ADDED from [org.firstinspires.ftc:FtcCommon:10.2.0] AndroidManifest.xml:18:9-57
activity#com.qualcomm.ftccommon.StackTraceActivity
ADDED from [org.firstinspires.ftc:FtcCommon:10.2.0] AndroidManifest.xml:24:9-28:47
	android:launchMode
		ADDED from [org.firstinspires.ftc:FtcCommon:10.2.0] AndroidManifest.xml:28:13-44
	android:exported
		ADDED from [org.firstinspires.ftc:FtcCommon:10.2.0] AndroidManifest.xml:27:13-36
	android:configChanges
		ADDED from [org.firstinspires.ftc:FtcCommon:10.2.0] AndroidManifest.xml:26:13-59
	android:name
		ADDED from [org.firstinspires.ftc:FtcCommon:10.2.0] AndroidManifest.xml:25:13-69
activity#com.qualcomm.ftccommon.FtcRobotControllerSettingsActivity
ADDED from [org.firstinspires.ftc:FtcCommon:10.2.0] AndroidManifest.xml:29:9-33:20
	android:label
		ADDED from [org.firstinspires.ftc:FtcCommon:10.2.0] AndroidManifest.xml:32:13-54
	android:exported
		ADDED from [org.firstinspires.ftc:FtcCommon:10.2.0] AndroidManifest.xml:31:13-36
	android:name
		ADDED from [org.firstinspires.ftc:FtcCommon:10.2.0] AndroidManifest.xml:30:13-85
activity#com.qualcomm.ftccommon.configuration.FtcLoadFileActivity
ADDED from [org.firstinspires.ftc:FtcCommon:10.2.0] AndroidManifest.xml:34:9-39:20
	android:label
		ADDED from [org.firstinspires.ftc:FtcCommon:10.2.0] AndroidManifest.xml:38:13-55
	android:exported
		ADDED from [org.firstinspires.ftc:FtcCommon:10.2.0] AndroidManifest.xml:37:13-36
	android:configChanges
		ADDED from [org.firstinspires.ftc:FtcCommon:10.2.0] AndroidManifest.xml:36:13-59
	android:name
		ADDED from [org.firstinspires.ftc:FtcCommon:10.2.0] AndroidManifest.xml:35:13-84
activity#com.qualcomm.ftccommon.configuration.ConfigureFromTemplateActivity
ADDED from [org.firstinspires.ftc:FtcCommon:10.2.0] AndroidManifest.xml:40:9-45:20
	android:label
		ADDED from [org.firstinspires.ftc:FtcCommon:10.2.0] AndroidManifest.xml:44:13-70
	android:exported
		ADDED from [org.firstinspires.ftc:FtcCommon:10.2.0] AndroidManifest.xml:43:13-36
	android:configChanges
		ADDED from [org.firstinspires.ftc:FtcCommon:10.2.0] AndroidManifest.xml:42:13-59
	android:name
		ADDED from [org.firstinspires.ftc:FtcCommon:10.2.0] AndroidManifest.xml:41:13-94
activity#com.qualcomm.ftccommon.ViewLogsActivity
ADDED from [org.firstinspires.ftc:FtcCommon:10.2.0] AndroidManifest.xml:46:9-51:20
	android:label
		ADDED from [org.firstinspires.ftc:FtcCommon:10.2.0] AndroidManifest.xml:50:13-55
	android:exported
		ADDED from [org.firstinspires.ftc:FtcCommon:10.2.0] AndroidManifest.xml:49:13-36
	android:configChanges
		ADDED from [org.firstinspires.ftc:FtcCommon:10.2.0] AndroidManifest.xml:48:13-59
	android:name
		ADDED from [org.firstinspires.ftc:FtcCommon:10.2.0] AndroidManifest.xml:47:13-67
activity#com.qualcomm.ftccommon.configuration.FtcConfigurationActivity
ADDED from [org.firstinspires.ftc:FtcCommon:10.2.0] AndroidManifest.xml:52:9-56:20
	android:label
		ADDED from [org.firstinspires.ftc:FtcCommon:10.2.0] AndroidManifest.xml:55:13-45
	android:configChanges
		ADDED from [org.firstinspires.ftc:FtcCommon:10.2.0] AndroidManifest.xml:54:13-59
	android:name
		ADDED from [org.firstinspires.ftc:FtcCommon:10.2.0] AndroidManifest.xml:53:13-89
activity#com.qualcomm.ftccommon.configuration.FtcNewFileActivity
ADDED from [org.firstinspires.ftc:FtcCommon:10.2.0] AndroidManifest.xml:57:9-61:20
	android:label
		ADDED from [org.firstinspires.ftc:FtcCommon:10.2.0] AndroidManifest.xml:60:13-45
	android:configChanges
		ADDED from [org.firstinspires.ftc:FtcCommon:10.2.0] AndroidManifest.xml:59:13-59
	android:name
		ADDED from [org.firstinspires.ftc:FtcCommon:10.2.0] AndroidManifest.xml:58:13-83
activity#com.qualcomm.ftccommon.FtcAdvancedRCSettingsActivity
ADDED from [org.firstinspires.ftc:FtcCommon:10.2.0] AndroidManifest.xml:62:9-66:20
	android:label
		ADDED from [org.firstinspires.ftc:FtcCommon:10.2.0] AndroidManifest.xml:65:13-60
	android:exported
		ADDED from [org.firstinspires.ftc:FtcCommon:10.2.0] AndroidManifest.xml:64:13-36
	android:name
		ADDED from [org.firstinspires.ftc:FtcCommon:10.2.0] AndroidManifest.xml:63:13-80